Arguments: 
  /home/david/.nvm/versions/node/v16.3.0/bin/node /usr/bin/yarn add typescrip

PATH: 
  /home/david/.nvm/versions/node/v16.3.0/bin:/home/linuxbrew/.linuxbrew/bin:/home/linuxbrew/.linuxbrew/sbin:/home/david/.local/bin:/home/david/.cargo/bin:/home/david/.local/bin:/usr/local/bin:/usr/bin:/var/lib/snapd/snap/bin:/usr/local/sbin:/var/lib/flatpak/exports/bin:/usr/lib/jvm/default/bin:/usr/bin/site_perl:/usr/bin/vendor_perl:/usr/bin/core_perl:/usr/lib/jvm/default/bin:/home/david/Android/Sdk/tools:/home/david/Android/Sdk/platform-tools:/home/david/istio/bin:/home/david/.linkerd2/bin:/home/david/Pictures/confluenthub/bin:/home/david/Android/Sdk/tools:/home/david/Android/Sdk/platform-tools:/home/david/istio/bin:/home/david/.linkerd2/bin:/home/david/Pictures/confluenthub/bin

Yarn version: 
  1.22.15

Node version: 
  16.3.0

Platform: 
  linux x64

Trace: 
  Error: https://registry.yarnpkg.com/typescrip: Not found
      at Request.params.callback [as _callback] (/usr/lib/node_modules/yarn/lib/cli.js:67031:18)
      at Request.self.callback (/usr/lib/node_modules/yarn/lib/cli.js:140885:22)
      at Request.emit (node:events:394:28)
      at Request.<anonymous> (/usr/lib/node_modules/yarn/lib/cli.js:141857:10)
      at Request.emit (node:events:394:28)
      at IncomingMessage.<anonymous> (/usr/lib/node_modules/yarn/lib/cli.js:141779:12)
      at Object.onceWrapper (node:events:513:28)
      at IncomingMessage.emit (node:events:406:35)
      at endReadableNT (node:internal/streams/readable:1329:12)
      at processTicksAndRejections (node:internal/process/task_queues:83:21)

npm manifest: 
  {
    "name": "stups",
    "version": "0.0.1",
    "description": "A react hook that allows server initiated client actions",
    "main": "build/index.js",
    "author": "David Maier",
    "license": "MIT"
  }

yarn manifest: 
  No manifest

Lockfile: 
  No lockfile
